myChime/build/outputs/mapping/release/seeds.txt
com.vag.mychime.activity.MainActivity
com.vag.mychime.activity.MainActivity: MainActivity()
com.vag.mychime.activity.R$anim: int abc_fade_in
com.vag.mychime.activity.R$anim: int abc_fade_out
com.vag.mychime.activity.R$anim: int abc_grow_fade_in_from_bottom
com.vag.mychime.activity.R$anim: int abc_popup_enter
com.vag.mychime.activity.R$anim: int abc_popup_exit
com.vag.mychime.activity.R$anim: int abc_shrink_fade_out_from_bottom
com.vag.mychime.activity.R$anim: int abc_slide_in_bottom
com.vag.mychime.activity.R$anim: int abc_slide_in_top
com.vag.mychime.activity.R$anim: int abc_slide_out_bottom
com.vag.mychime.activity.R$anim: int abc_slide_out_top
com.vag.mychime.activity.R$array: int chimeOnOpt
com.vag.mychime.activity.R$array: int chimeOnOpt_val
com.vag.mychime.activity.R$array: int clock_type
com.vag.mychime.activity.R$array: int clock_type_val
com.vag.mychime.activity.R$array: int speakOnOpt
com.vag.mychime.activity.R$array: int speakOnOpt_val
com.vag.mychime.activity.R$array: int vibrationOnOpt
com.vag.mychime.activity.R$array: int vibrationOnOpt_val
com.vag.mychime.activity.R$attr: int actionBarDivider
com.vag.mychime.activity.R$attr: int actionBarItemBackground
com.vag.mychime.activity.R$attr: int actionBarPopupTheme
com.vag.mychime.activity.R$attr: int actionBarSize
com.vag.mychime.activity.R$attr: int actionBarSplitStyle
com.vag.mychime.activity.R$attr: int actionBarStyle
com.vag.mychime.activity.R$attr: int actionBarTabBarStyle
com.vag.mychime.activity.R$attr: int actionBarTabStyle
com.vag.mychime.activity.R$attr: int actionBarTabTextStyle
com.vag.mychime.activity.R$attr: int actionBarTheme
com.vag.mychime.activity.R$attr: int actionBarWidgetTheme
com.vag.mychime.activity.R$attr: int actionButtonStyle
com.vag.mychime.activity.R$attr: int actionDropDownStyle
com.vag.mychime.activity.R$attr: int actionLayout
com.vag.mychime.activity.R$attr: int actionMenuTextAppearance
com.vag.mychime.activity.R$attr: int actionMenuTextColor
com.vag.mychime.activity.R$attr: int actionModeBackground
com.vag.mychime.activity.R$attr: int actionModeCloseButtonStyle
com.vag.mychime.activity.R$attr: int actionModeCloseDrawable
com.vag.mychime.activity.R$attr: int actionModeCopyDrawable
com.vag.mychime.activity.R$attr: int actionModeCutDrawable
com.vag.mychime.activity.R$attr: int actionModeFindDrawable
com.vag.mychime.activity.R$attr: int actionModePasteDrawable
com.vag.mychime.activity.R$attr: int actionModePopupWindowStyle
com.vag.mychime.activity.R$attr: int actionModeSelectAllDrawable
com.vag.mychime.activity.R$bool: int abc_action_bar_embed_tabs
com.vag.mychime.activity.R$bool: int abc_allow_stacked_button_bar
com.vag.mychime.activity.R$bool: int abc_config_actionMenuItemAllCaps
com.vag.mychime.activity.R$bool: int abc_config_closeDialogWhenTouchOutside
com.vag.mychime.activity.R$bool: int abc_config_showMenuShortcutsWhenKeyboardPresent
...
android.support.v4.widget.DrawerLayout: void setDrawerElevation(float)
android.support.v4.widget.DrawerLayout: float getDrawerElevation()
android.support.v4.widget.DrawerLayout: void setScrimColor(int)
android.support.v4.widget.DrawerLayout: void setDrawerListener(android.support.v4.widget.DrawerLayout$DrawerListener)
android.support.v4.widget.DrawerLayout: void setDrawerLockMode(int)
android.support.v4.widget.DrawerLayout: void setStatusBarBackground(android.graphics.drawable.Drawable)
android.support.v4.widget.DrawerLayout: android.graphics.drawable.Drawable getStatusBarBackgroundDrawable()
android.support.v4.widget.DrawerLayout: void setStatusBarBackground(int)
android.support.v4.widget.DrawerLayout: void setStatusBarBackgroundColor(int)
android.support.v4.widget.DrawerLayout$SavedState: android.os.Parcelable$Creator CREATOR
android.support.v4.widget.NestedScrollView
android.support.v4.widget.NestedScrollView: NestedScrollView(android.content.Context)
android.support.v4.widget.NestedScrollView: NestedScrollView(android.content.Context,android.util.AttributeSet)
android.support.v4.widget.NestedScrollView: NestedScrollView(android.content.Context,android.util.AttributeSet,int)
android.support.v4.widget.NestedScrollView: void setNestedScrollingEnabled(boolean)
android.support.v4.widget.NestedScrollView: int getNestedScrollAxes()
android.support.v4.widget.NestedScrollView: float getTopFadingEdgeStrength()
android.support.v4.widget.NestedScrollView: float getBottomFadingEdgeStrength()
android.support.v4.widget.NestedScrollView: int getMaxScrollAmount()
android.support.v4.widget.NestedScrollView: void setOnScrollChangeListener(android.support.v4.widget.NestedScrollView$OnScrollChangeListener)
android.support.v4.widget.NestedScrollView: void setFillViewport(boolean)
android.support.v4.widget.NestedScrollView: void setSmoothScrollingEnabled(boolean)
android.support.v4.widget.NestedScrollView: float getVerticalScrollFactorCompat()
android.support.v4.widget.NestedScrollView: int getScrollRange()
android.support.v4.widget.NestedScrollView$SavedState: android.os.Parcelable$Creator CREATOR
android.support.v4.widget.SlidingPaneLayout: void setParallaxDistance(int)
android.support.v4.widget.SlidingPaneLayout: int getParallaxDistance()
android.support.v4.widget.SlidingPaneLayout: void setSliderFadeColor(int)
android.support.v4.widget.SlidingPaneLayout: int getSliderFadeColor()
android.support.v4.widget.SlidingPaneLayout: void setCoveredFadeColor(int)
android.support.v4.widget.SlidingPaneLayout: int getCoveredFadeColor()
android.support.v4.widget.SlidingPaneLayout: void setPanelSlideListener(android.support.v4.widget.SlidingPaneLayout$PanelSlideListener)
android.support.v4.widget.SlidingPaneLayout: void setShadowDrawable(android.graphics.drawable.Drawable)
android.support.v4.widget.SlidingPaneLayout: void setShadowDrawableLeft(android.graphics.drawable.Drawable)
android.support.v4.widget.SlidingPaneLayout: void setShadowDrawableRight(android.graphics.drawable.Drawable)
android.support.v4.widget.SlidingPaneLayout: void setShadowResource(int)
android.support.v4.widget.SlidingPaneLayout: void setShadowResourceLeft(int)
android.support.v4.widget.SlidingPaneLayout: void setShadowResourceRight(int)
android.support.v4.widget.SlidingPaneLayout$SavedState: android.os.Parcelable$Creator CREATOR
android.support.v4.widget.Space
android.support.v4.widget.Space: Space(android.content.Context,android.util.AttributeSet,int)
android.support.v4.widget.Space: Space(android.content.Context,android.util.AttributeSet)
android.support.v4.widget.Space: Space(android.content.Context)