myChime/build/outputs/mapping/release/mapping.txt
com.vag.mychime.activity.MainActivity -> com.vag.mychime.activity.MainActivity:
    java.lang.String TAG -> m
    boolean DEBUG -> n
    int isTTSAvailableIntentCode -> o
    android.content.Intent serviceIntent -> p
    android.content.SharedPreferences settings -> q
    com.vag.mychime.service.TimeService service -> r
    boolean isChimeOn -> s
    boolean isSpeakTimeOn -> t
    boolean isVibrationOn -> u
    boolean isTTSAvailable -> v
    android.content.ServiceConnection mConnection -> w
    void <init>() -> <init>
    void onCreate(android.os.Bundle) -> onCreate
    void controlService() -> e
    void onActivityResult(int,int,android.content.Intent) -> onActivityResult
    void onStop() -> onStop
    void onConfigurationChanged() -> d
    boolean onCreateOptionsMenu(android.view.Menu) -> onCreateOptionsMenu
    boolean onOptionsItemSelected(android.view.MenuItem) -> onOptionsItemSelected
    com.vag.mychime.service.TimeService access$002(com.vag.mychime.activity.MainActivity,com.vag.mychime.service.TimeService) -> a
com.vag.mychime.activity.MainActivity$1 -> com.vag.mychime.activity.MainActivity$1:
    com.vag.mychime.activity.MainActivity this$0 -> a
    void <init>(com.vag.mychime.activity.MainActivity) -> <init>
    void onServiceConnected(android.content.ComponentName,android.os.IBinder) -> onServiceConnected
    void onServiceDisconnected(android.content.ComponentName) -> onServiceDisconnected
com.vag.mychime.activity.MainActivity$2 -> com.vag.mychime.activity.MainActivity$2:
    com.vag.mychime.activity.MainActivity this$0 -> a
    void <init>(com.vag.mychime.activity.MainActivity) -> <init>
    void onClick(android.content.DialogInterface,int) -> onClick
com.vag.mychime.activity.MainActivity$3 -> com.vag.mychime.activity.MainActivity$3:
    com.vag.mychime.activity.MainActivity this$0 -> a
    void <init>(com.vag.mychime.activity.MainActivity) -> <init>
    void onClick(android.content.DialogInterface,int) -> onClick
...
android.support.v7.app.WindowDecorActionBar$3 -> android.support.v7.app.r$3:
    android.support.v7.app.WindowDecorActionBar this$0 -> a
    void <init>(android.support.v7.app.WindowDecorActionBar) -> <init>
    void onAnimationUpdate$3c7ec8c3() -> a
android.support.v7.app.WindowDecorActionBar$ActionModeImpl -> android.support.v7.app.r$a:
    android.content.Context mActionModeContext -> d
    android.support.v7.view.menu.MenuBuilder mMenu -> e
    android.support.v7.view.ActionMode$Callback mCallback -> f
    java.lang.ref.WeakReference mCustomView -> g
    android.support.v7.app.WindowDecorActionBar this$0 -> a
    void <init>(android.support.v7.app.WindowDecorActionBar,android.content.Context,android.support.v7.view.ActionMode$Callback) -> <init>
    android.view.MenuInflater getMenuInflater() -> a
    android.view.Menu getMenu() -> b
    void finish() -> c
    void invalidate() -> d
    boolean dispatchOnCreate() -> e
    void setCustomView(android.view.View) -> a
    void setSubtitle(java.lang.CharSequence) -> a
    void setTitle(java.lang.CharSequence) -> b
    void setTitle(int) -> a
    void setSubtitle(int) -> b
    java.lang.CharSequence getTitle() -> f
    java.lang.CharSequence getSubtitle() -> g
    void setTitleOptionalHint(boolean) -> a
    boolean isTitleOptional() -> h
    android.view.View getCustomView() -> i
    boolean onMenuItemSelected(android.support.v7.view.menu.MenuBuilder,android.view.MenuItem) -> a
    void onMenuModeChange(android.support.v7.view.menu.MenuBuilder) -> a
android.support.v7.appcompat.R -> android.support.v7.a.a:
android.support.v7.appcompat.R$attr -> android.support.v7.a.a$a:
    int actionBarDivider -> actionBarDivider
    int actionBarItemBackground -> actionBarItemBackground
    int actionBarPopupTheme -> actionBarPopupTheme
    int actionBarSize -> actionBarSize
    int actionBarSplitStyle -> actionBarSplitStyle
    int actionBarStyle -> actionBarStyle
    int actionBarTabBarStyle -> actionBarTabBarStyle
    int actionBarTabStyle -> actionBarTabStyle
    int actionBarTabTextStyle -> actionBarTabTextStyle
    int actionBarTheme -> actionBarTheme
    int actionBarWidgetTheme -> actionBarWidgetTheme
    int actionButtonStyle -> actionButtonStyle
    int actionDropDownStyle -> actionDropDownStyle
    int actionLayout -> actionLayout
    int actionMenuTextAppearance -> actionMenuTextAppearance
    int actionMenuTextColor -> actionMenuTextColor
    int actionModeBackground -> actionModeBackground
    int actionModeCloseButtonStyle -> actionModeCloseButtonStyle
    int actionModeCloseDrawable -> actionModeCloseDrawable
    int actionModeCopyDrawable -> actionModeCopyDrawable
    int actionModeCutDrawable -> actionModeCutDrawable
    int actionModeFindDrawable -> actionModeFindDrawable
    int actionModePasteDrawable -> actionModePasteDrawable
    int actionModePopupWindowStyle -> actionModePopupWindowStyle
    int actionModeSelectAllDrawable -> actionModeSelectAllDrawable
    int actionModeShareDrawable -> actionModeShareDrawable
android.support.v7.appcompat.R$bool -> android.support.v7.a.a$b:
    int abc_action_bar_embed_tabs -> abc_action_bar_embed_tabs
    int abc_allow_stacked_button_bar -> abc_allow_stacked_button_bar
    int abc_config_actionMenuItemAllCaps -> abc_config_actionMenuItemAllCaps
    int abc_config_closeDialogWhenTouchOutside -> abc_config_closeDialogWhenTouchOutside
    int abc_config_showMenuShortcutsWhenKeyboardPresent -> abc_config_showMenuShortcutsWhenKeyboardPresent