myChime/build/outputs/mapping/release/usage.txt
com.vag.mychime.activity.BuildConfig
com.vag.mychime.activity.R
com.vag.mychime.activity.R$anim
com.vag.mychime.activity.R$array
com.vag.mychime.activity.R$attr
com.vag.mychime.activity.R$bool
com.vag.mychime.activity.R$color
com.vag.mychime.activity.R$dimen
com.vag.mychime.activity.R$drawable
com.vag.mychime.activity.R$id
com.vag.mychime.activity.R$integer
com.vag.mychime.activity.R$layout
com.vag.mychime.activity.R$menu
com.vag.mychime.activity.R$raw
com.vag.mychime.activity.R$string
com.vag.mychime.activity.R$style
com.vag.mychime.activity.R$styleable
com.vag.mychime.activity.R$xml
...
android.support.v4.media.MediaBrowserServiceCompatApi23$MediaBrowserServiceAdaptor
android.support.v4.media.MediaBrowserServiceCompatApi23$ServiceCompatProxy
android.support.v4.media.MediaBrowserServiceCompatApi24
android.support.v4.media.MediaBrowserServiceCompatApi24$MediaBrowserServiceAdaptor
android.support.v4.media.MediaBrowserServiceCompatApi24$ResultWrapper
android.support.v4.media.MediaBrowserServiceCompatApi24$ServiceCompatProxy
android.support.v4.media.MediaDescriptionCompat
android.support.v4.media.MediaDescriptionCompat$1
android.support.v4.media.MediaDescriptionCompat$Builder
android.support.v4.media.MediaDescriptionCompatApi21
android.support.v4.media.MediaDescriptionCompatApi21$Builder
android.support.v4.media.MediaDescriptionCompatApi23
android.support.v4.media.MediaDescriptionCompatApi23$Builder
android.support.v4.media.MediaMetadataCompat
android.support.v4.media.MediaMetadataCompat$1
android.support.v4.media.MediaMetadataCompat$BitmapKey
android.support.v4.media.MediaMetadataCompat$Builder
android.support.v4.media.MediaMetadataCompat$LongKey
android.support.v4.media.MediaMetadataCompat$RatingKey
android.support.v4.media.MediaMetadataCompat$TextKey
android.support.v4.media.MediaMetadataCompatApi21
android.support.v4.media.MediaMetadataCompatApi21$Builder
android.support.v4.media.ParceledListSliceAdapterApi21
android.support.v4.media.RatingCompat
android.support.v4.media.RatingCompat$1
android.support.v4.media.RatingCompat$StarStyle
android.support.v4.media.RatingCompat$Style
android.support.v4.media.RatingCompatKitkat
android.support.v4.media.TransportController
android.support.v4.media.TransportMediator
android.support.v4.media.TransportMediator$1
android.support.v4.media.TransportMediator$2
android.support.v4.media.TransportMediatorCallback
android.support.v4.media.TransportMediatorJellybeanMR2
android.support.v4.media.TransportMediatorJellybeanMR2$1
android.support.v4.media.TransportMediatorJellybeanMR2$2
android.support.v4.media.TransportMediatorJellybeanMR2$3
android.support.v4.media.TransportMediatorJellybeanMR2$4
android.support.v4.media.TransportMediatorJellybeanMR2$5
android.support.v4.media.TransportMediatorJellybeanMR2$6
android.support.v4.media.TransportPerformer
android.support.v4.media.TransportStateListener
android.support.v4.media.VolumeProviderCompat
android.support.v4.media.VolumeProviderCompat$1
android.support.v4.media.VolumeProviderCompat$Callback
android.support.v4.media.VolumeProviderCompat$ControlType
android.support.v4.media.VolumeProviderCompatApi21
android.support.v4.media.VolumeProviderCompatApi21$1
android.support.v4.media.VolumeProviderCompatApi21$Delegate
android.support.v4.media.session.IMediaControllerCallback
android.support.v4.media.session.IMediaControllerCallback$Stub
android.support.v4.media.session.IMediaControllerCallback$Stub$Proxy
android.support.v4.media.session.IMediaSession
android.support.v4.media.session.IMediaSession$Stub
android.support.v4.media.session.IMediaSession$Stub$Proxy
android.support.v4.media.session.MediaButtonReceiver
android.support.v4.media.session.MediaControllerCompat
android.support.v4.media.session.MediaControllerCompat$Callback
android.support.v4.media.session.MediaControllerCompat$Callback$MessageHandler
android.support.v4.media.session.MediaControllerCompat$Callback$StubApi21
android.support.v4.media.session.MediaControllerCompat$Callback$StubCompat
android.support.v4.media.session.MediaControllerCompat$MediaControllerExtraData
android.support.v4.media.session.MediaControllerCompat$MediaControllerImpl
android.support.v4.media.session.MediaControllerCompat$MediaControllerImplApi21
android.support.v4.media.session.MediaControllerCompat$MediaControllerImplApi21$ExtraBinderRequestResultReceiver
android.support.v4.media.session.MediaControllerCompat$MediaControllerImplApi21$ExtraCallback
android.support.v4.media.session.MediaControllerCompat$MediaControllerImplApi21$ExtraCallback$1